--------------- Build Started: 10/17/2016 22:08:09 Project: BLE Lab 3, Configuration: ARM GCC 4.8.4 Debug ---------------
The code generation step is up to date.
arm-none-eabi-gcc.exe -mcpu=cortex-m0 -mthumb -Wno-main -I. -I.\Generated_Source\PSoC4 -Wa,-alh=.\CortexM0\ARM_GCC_484\Debug/main.lst -g -D DEBUG -Wall -ffunction-sections -O0 -c .\main.c -o .\CortexM0\ARM_GCC_484\Debug\main.o
arm-none-eabi-gcc.exe -mcpu=cortex-m0 -mthumb -Wno-main -I. -I.\Generated_Source\PSoC4 -Wa,-alh=.\CortexM0\ARM_GCC_484\Debug/HeartRateProcessing.lst -g -D DEBUG -Wall -ffunction-sections -O0 -c .\HeartRateProcessing.c -o .\CortexM0\ARM_GCC_484\Debug\HeartRateProcessing.o
arm-none-eabi-gcc.exe -mcpu=cortex-m0 -mthumb -Wno-main -I. -I.\Generated_Source\PSoC4 -Wa,-alh=.\CortexM0\ARM_GCC_484\Debug/BleProcessing.lst -g -D DEBUG -Wall -ffunction-sections -O0 -c .\BleProcessing.c -o .\CortexM0\ARM_GCC_484\Debug\BleProcessing.o
arm-none-eabi-gcc.exe -mcpu=cortex-m0 -mthumb -Wno-main -I. -I.\Generated_Source\PSoC4 -Wa,-alh=.\CortexM0\ARM_GCC_484\Debug/WatchdogTimer.lst -g -D DEBUG -Wall -ffunction-sections -O0 -c .\WatchdogTimer.c -o .\CortexM0\ARM_GCC_484\Debug\WatchdogTimer.o
arm-none-eabi-gcc.exe -mcpu=cortex-m0 -mthumb -Wno-main -I. -I.\Generated_Source\PSoC4 -Wa,-alh=.\CortexM0\ARM_GCC_484\Debug/BLE_hrs.lst -g -D DEBUG -Wall -ffunction-sections -O0 -c .\Generated_Source\PSoC4\BLE_hrs.c -o .\CortexM0\ARM_GCC_484\Debug\BLE_hrs.o
arm-none-eabi-gcc.exe -mcpu=cortex-m0 -mthumb -Wno-main -I. -I.\Generated_Source\PSoC4 -Wa,-alh=.\CortexM0\ARM_GCC_484\Debug/BLE.lst -g -D DEBUG -Wall -ffunction-sections -O0 -c .\Generated_Source\PSoC4\BLE.c -o .\CortexM0\ARM_GCC_484\Debug\BLE.o
arm-none-eabi-gcc.exe -mcpu=cortex-m0 -mthumb -Wno-main -I. -I.\Generated_Source\PSoC4 -Wa,-alh=.\CortexM0\ARM_GCC_484\Debug/BLE_gatt.lst -g -D DEBUG -Wall -ffunction-sections -O0 -c .\Generated_Source\PSoC4\BLE_gatt.c -o .\CortexM0\ARM_GCC_484\Debug\BLE_gatt.o
arm-none-eabi-gcc.exe -mcpu=cortex-m0 -mthumb -Wno-main -I. -I.\Generated_Source\PSoC4 -Wa,-alh=.\CortexM0\ARM_GCC_484\Debug/BLE_eventHandler.lst -g -D DEBUG -Wall -ffunction-sections -O0 -c .\Generated_Source\PSoC4\BLE_eventHandler.c -o .\CortexM0\ARM_GCC_484\Debug\BLE_eventHandler.o
arm-none-eabi-gcc.exe -mcpu=cortex-m0 -mthumb -Wno-main -I. -I.\Generated_Source\PSoC4 -Wa,-alh=.\CortexM0\ARM_GCC_484\Debug/BLE_HAL_INT.lst -g -D DEBUG -Wall -ffunction-sections -O0 -c .\Generated_Source\PSoC4\BLE_HAL_INT.c -o .\CortexM0\ARM_GCC_484\Debug\BLE_HAL_INT.o
arm-none-eabi-gcc.exe -mcpu=cortex-m0 -mthumb -Wno-main -I. -I.\Generated_Source\PSoC4 -Wa,-alh=.\CortexM0\ARM_GCC_484\Debug/BLE_HAL_PVT.lst -g -D DEBUG -Wall -ffunction-sections -O0 -c .\Generated_Source\PSoC4\BLE_HAL_PVT.c -o .\CortexM0\ARM_GCC_484\Debug\BLE_HAL_PVT.o
arm-none-eabi-gcc.exe -mcpu=cortex-m0 -mthumb -Wno-main -I. -I.\Generated_Source\PSoC4 -Wa,-alh=.\CortexM0\ARM_GCC_484\Debug/BLE_dis.lst -g -D DEBUG -Wall -ffunction-sections -O0 -c .\Generated_Source\PSoC4\BLE_dis.c -o .\CortexM0\ARM_GCC_484\Debug\BLE_dis.o
arm-none-eabi-ar.exe: creating .\CortexM0\ARM_GCC_484\Debug\BLE Lab 3.a
arm-none-eabi-ar.exe -rs ".\CortexM0\ARM_GCC_484\Debug\BLE Lab 3.a" .\CortexM0\ARM_GCC_484\Debug\cyfitter_cfg.o .\CortexM0\ARM_GCC_484\Debug\Heart_Rate_input.o .\CortexM0\ARM_GCC_484\Debug\SW2_Switch.o .\CortexM0\ARM_GCC_484\Debug\Button_output.o .\CortexM0\ARM_GCC_484\Debug\Wakeup_ISR.o .\CortexM0\ARM_GCC_484\Debug\Led_Advertising_Green.o .\CortexM0\ARM_GCC_484\Debug\Led_Connected_Blue.o .\CortexM0\ARM_GCC_484\Debug\ADC.o .\CortexM0\ARM_GCC_484\Debug\ADC_PM.o .\CortexM0\ARM_GCC_484\Debug\ADC_INT.o .\CortexM0\ARM_GCC_484\Debug\Opamp.o .\CortexM0\ARM_GCC_484\Debug\Opamp_PM.o .\CortexM0\ARM_GCC_484\Debug\BLE_hrs.o .\CortexM0\ARM_GCC_484\Debug\BLE.o .\CortexM0\ARM_GCC_484\Debug\BLE_gatt.o .\CortexM0\ARM_GCC_484\Debug\BLE_eventHandler.o .\CortexM0\ARM_GCC_484\Debug\BLE_HAL_INT.o .\CortexM0\ARM_GCC_484\Debug\BLE_HAL_PVT.o .\CortexM0\ARM_GCC_484\Debug\BLE_dis.o .\CortexM0\ARM_GCC_484\Debug\ADC_IRQ.o .\CortexM0\ARM_GCC_484\Debug\ADC_intClock.o .\CortexM0\ARM_GCC_484\Debug\BLE_bless_isr.o .\CortexM0\ARM_GCC_484\Debug\CyBootAsmGnu.o .\CortexM0\ARM_GCC_484\Debug\CyFlash.o .\CortexM0\ARM_GCC_484\Debug\CyLib.o .\CortexM0\ARM_GCC_484\Debug\cyPm.o .\CortexM0\ARM_GCC_484\Debug\cyutils.o
arm-none-eabi-gcc.exe -Wl,--start-group -o ".\CortexM0\ARM_GCC_484\Debug\BLE Lab 3.elf" .\CortexM0\ARM_GCC_484\Debug\main.o .\CortexM0\ARM_GCC_484\Debug\HeartRateProcessing.o .\CortexM0\ARM_GCC_484\Debug\BleProcessing.o .\CortexM0\ARM_GCC_484\Debug\WatchdogTimer.o .\CortexM0\ARM_GCC_484\Debug\cymetadata.o .\CortexM0\ARM_GCC_484\Debug\Cm0Start.o ".\CortexM0\ARM_GCC_484\Debug\BLE Lab 3.a" "C:\Program Files (x86)\Cypress\PSoC Creator\3.1\PSoC Creator\psoc\content\cycomponentlibrary\CyComponentLibrary.cylib\BLE_v1_20\Library\gccCyBLEStack_BLE_SOC_PERIPHERAL.a" "C:\Program Files (x86)\Cypress\PSoC Creator\3.1\PSoC Creator\psoc\content\cycomponentlibrary\CyComponentLibrary.cylib\CortexM0\ARM_GCC_484\Debug\CyComponentLibrary.a" -mthumb -march=armv6-m "-Wl,-Map,.\CortexM0\ARM_GCC_484\Debug/BLE Lab 3.map" -T .\Generated_Source\PSoC4\cm0gcc.ld -g -specs=nano.specs "-u _printf_float" "" -Wl,--gc-sections -Wl,--end-group
cyelftool.exe -C "C:\Users\Manisha Goyal\Desktop\safe_3\lab3_manisha\BLE Lab 3\BLE Lab 3.cydsn\CortexM0\ARM_GCC_484\Debug\BLE Lab 3.elf" --flash_size 131072 --flash_row_size 128
cyelftool.exe -S "C:\Users\Manisha Goyal\Desktop\safe_3\lab3_manisha\BLE Lab 3\BLE Lab 3.cydsn\CortexM0\ARM_GCC_484\Debug\BLE Lab 3.elf"
Flash used: 76541 of 131072 bytes (58.4 %).
SRAM used: 10652 of 16384 bytes (65.0 %). Stack: 1024 bytes. Heap: 128 bytes.
--------------- Build Succeeded: 10/17/2016 22:08:15 ---------------
